[ 2017-06-07T16:50:17+08:00 ] 127.0.0.1 /register/index.php/Admin
INFO: [ app_init ] --START--
INFO: Run Behavior\BuildLiteBehavior [ RunTime:0.000035s ]
INFO: [ app_init ] --END-- [ RunTime:0.001206s ]
INFO: [ app_begin ] --START--
INFO: Run Behavior\ReadHtmlCacheBehavior [ RunTime:0.000954s ]
INFO: [ app_begin ] --END-- [ RunTime:0.001040s ]
NOTIC: [8] Undefined index: uname D:\WWW\dev\register\Application\Admin\Controller\CommonController.class.php 第 7 行.

[ 2017-06-07T16:50:18+08:00 ] 127.0.0.1 /register/index.php/Admin/User/login
INFO: [ app_init ] --START--
INFO: Run Behavior\BuildLiteBehavior [ RunTime:0.000037s ]
INFO: [ app_init ] --END-- [ RunTime:0.002348s ]
INFO: [ app_begin ] --START--
INFO: Run Behavior\ReadHtmlCacheBehavior [ RunTime:0.001055s ]
INFO: [ app_begin ] --END-- [ RunTime:0.001159s ]
INFO: [ view_parse ] --START--
INFO: [ template_filter ] --START--
INFO: Run Behavior\ContentReplaceBehavior [ RunTime:0.000148s ]
INFO: [ template_filter ] --END-- [ RunTime:0.000297s ]
INFO: Run Behavior\ParseTemplateBehavior [ RunTime:0.015061s ]
INFO: [ view_parse ] --END-- [ RunTime:0.015222s ]
INFO: [ view_filter ] --START--
INFO: Run Behavior\WriteHtmlCacheBehavior [ RunTime:0.000895s ]
INFO: [ view_filter ] --END-- [ RunTime:0.001001s ]
INFO: [ app_end ] --START--
INFO: Run Behavior\ShowPageTraceBehavior [ RunTime:0.001680s ]
INFO: [ app_end ] --END-- [ RunTime:0.001828s ]

[ 2017-06-07T16:50:21+08:00 ] 127.0.0.1 /register/index.php/Admin/User/login
INFO: [ app_init ] --START--
INFO: Run Behavior\BuildLiteBehavior [ RunTime:0.000040s ]
INFO: [ app_init ] --END-- [ RunTime:0.000992s ]
INFO: [ app_begin ] --START--
INFO: Run Behavior\ReadHtmlCacheBehavior [ RunTime:0.001366s ]
INFO: [ app_begin ] --END-- [ RunTime:0.001492s ]
SQL: SHOW COLUMNS FROM `p_user` [ RunTime:0.0330s ]
SQL: SELECT * FROM `p_user` WHERE `name` = 'admin' AND `password` = '123asd'  [ RunTime:0.0015s ]
INFO: [ view_parse ] --START--
INFO: [ template_filter ] --START--
INFO: Run Behavior\ContentReplaceBehavior [ RunTime:0.000110s ]
INFO: [ template_filter ] --END-- [ RunTime:0.000212s ]
INFO: Run Behavior\ParseTemplateBehavior [ RunTime:0.013756s ]
INFO: [ view_parse ] --END-- [ RunTime:0.013864s ]
INFO: [ view_filter ] --START--
INFO: Run Behavior\WriteHtmlCacheBehavior [ RunTime:0.000447s ]
INFO: [ view_filter ] --END-- [ RunTime:0.000508s ]
INFO: [ app_end ] --START--
INFO: Run Behavior\ShowPageTraceBehavior [ RunTime:0.000832s ]
INFO: [ app_end ] --END-- [ RunTime:0.000898s ]

[ 2017-06-07T16:50:21+08:00 ] 127.0.0.1 /register/index.php/Admin/Index/main
INFO: [ app_init ] --START--
INFO: Run Behavior\BuildLiteBehavior [ RunTime:0.000023s ]
INFO: [ app_init ] --END-- [ RunTime:0.000939s ]
INFO: [ app_begin ] --START--
INFO: Run Behavior\ReadHtmlCacheBehavior [ RunTime:0.001411s ]
INFO: [ app_begin ] --END-- [ RunTime:0.001572s ]
SQL: SHOW COLUMNS FROM `p_user` [ RunTime:0.0159s ]
SQL: SELECT * FROM `p_user` WHERE `name` = 'admin'  [ RunTime:0.0019s ]
SQL: SELECT * FROM `p_user`  [ RunTime:0.0017s ]
INFO: [ view_parse ] --START--
NOTIC: [2] file_get_contents(./Public/conn/header.html): failed to open stream: No such file or directory D:\WWW\dev\register\ThinkPHP\Library\Think\Template.class.php 第 696 行.
INFO: [ template_filter ] --START--
INFO: Run Behavior\ContentReplaceBehavior [ RunTime:0.000171s ]
INFO: [ template_filter ] --END-- [ RunTime:0.000260s ]
INFO: Run Behavior\ParseTemplateBehavior [ RunTime:0.025082s ]
INFO: [ view_parse ] --END-- [ RunTime:0.025233s ]
INFO: [ view_filter ] --START--
INFO: Run Behavior\WriteHtmlCacheBehavior [ RunTime:0.001167s ]
INFO: [ view_filter ] --END-- [ RunTime:0.001286s ]
INFO: [ app_end ] --START--
INFO: Run Behavior\ShowPageTraceBehavior [ RunTime:0.001280s ]
INFO: [ app_end ] --END-- [ RunTime:0.001404s ]

[ 2017-06-07T16:50:27+08:00 ] 127.0.0.1 /register/index.php/Admin/Menber/tixiansheng
INFO: [ app_init ] --START--
INFO: Run Behavior\BuildLiteBehavior [ RunTime:0.000052s ]
INFO: [ app_init ] --END-- [ RunTime:0.001158s ]
INFO: [ app_begin ] --START--
INFO: Run Behavior\ReadHtmlCacheBehavior [ RunTime:0.002209s ]
INFO: [ app_begin ] --END-- [ RunTime:0.002556s ]
SQL: SHOW COLUMNS FROM `p_user` [ RunTime:0.0181s ]
SQL: SELECT * FROM `p_user` WHERE `name` = 'admin'  [ RunTime:0.0029s ]
SQL: SHOW COLUMNS FROM `p_incomelog` [ RunTime:0.0202s ]
SQL: SELECT p_incomelog.addtime as addtimes,p_incomelog.addymd as addymds,p_menber.name,p_incomelog.userid,`income`,`id`,`orderid`,`reson` FROM `p_incomelog` INNER JOIN p_menber ON p_incomelog.userid=p_menber.uid  WHERE p_incomelog.type = 3 AND p_incomelog.state = 0 AND p_incomelog.addtime > 0  [ RunTime:0.0067s ]
INFO: [ view_parse ] --START--
NOTIC: [2] file_get_contents(./Public/conn/header.html): failed to open stream: No such file or directory D:\WWW\dev\register\ThinkPHP\Library\Think\Template.class.php 第 696 行.
INFO: [ template_filter ] --START--
INFO: Run Behavior\ContentReplaceBehavior [ RunTime:0.000339s ]
INFO: [ template_filter ] --END-- [ RunTime:0.000485s ]
INFO: Run Behavior\ParseTemplateBehavior [ RunTime:0.034635s ]
INFO: [ view_parse ] --END-- [ RunTime:0.034859s ]
INFO: [ view_filter ] --START--
INFO: Run Behavior\WriteHtmlCacheBehavior [ RunTime:0.000721s ]
INFO: [ view_filter ] --END-- [ RunTime:0.000843s ]
INFO: [ app_end ] --START--
INFO: Run Behavior\ShowPageTraceBehavior [ RunTime:0.003352s ]
INFO: [ app_end ] --END-- [ RunTime:0.003585s ]

[ 2017-06-07T17:11:36+08:00 ] 127.0.0.1 /register/index.php/Admin/Menber/istixian/id/1045/state/1
INFO: [ app_init ] --START--
INFO: Run Behavior\BuildLiteBehavior [ RunTime:0.000037s ]
INFO: [ app_init ] --END-- [ RunTime:0.004508s ]
INFO: [ app_begin ] --START--
INFO: Run Behavior\ReadHtmlCacheBehavior [ RunTime:0.002024s ]
INFO: [ app_begin ] --END-- [ RunTime:0.002212s ]
SQL: SHOW COLUMNS FROM `p_user` [ RunTime:0.0194s ]
SQL: SELECT * FROM `p_user` WHERE `name` = 'admin'  [ RunTime:0.0021s ]
SQL: SHOW COLUMNS FROM `p_incomelog` [ RunTime:0.0226s ]
SQL: SELECT * FROM `p_incomelog` WHERE `id` = 1045  [ RunTime:0.0032s ]
SQL: UPDATE `p_incomelog` SET `type`='3',`state`='2' WHERE `id` = 1045 [ RunTime:0.0021s ]

[ 2017-06-07T17:11:38+08:00 ] 127.0.0.1 /register/index.php/Admin/Menber/tixiansheng
INFO: [ app_init ] --START--
INFO: Run Behavior\BuildLiteBehavior [ RunTime:0.000022s ]
INFO: [ app_init ] --END-- [ RunTime:0.000696s ]
INFO: [ app_begin ] --START--
INFO: Run Behavior\ReadHtmlCacheBehavior [ RunTime:0.001164s ]
INFO: [ app_begin ] --END-- [ RunTime:0.001285s ]
SQL: SHOW COLUMNS FROM `p_user` [ RunTime:0.0157s ]
SQL: SELECT * FROM `p_user` WHERE `name` = 'admin'  [ RunTime:0.0017s ]
SQL: SHOW COLUMNS FROM `p_incomelog` [ RunTime:0.0132s ]
SQL: SELECT p_incomelog.addtime as addtimes,p_incomelog.addymd as addymds,p_menber.name,p_incomelog.userid,`income`,`id`,`orderid`,`reson` FROM `p_incomelog` INNER JOIN p_menber ON p_incomelog.userid=p_menber.uid  WHERE p_incomelog.type = 3 AND p_incomelog.state = 0 AND p_incomelog.addtime > 0  [ RunTime:0.0040s ]
INFO: [ view_parse ] --START--
NOTIC: [2] file_get_contents(./Public/conn/header.html): failed to open stream: No such file or directory D:\WWW\dev\register\ThinkPHP\Library\Think\Template.class.php 第 696 行.
INFO: [ template_filter ] --START--
INFO: Run Behavior\ContentReplaceBehavior [ RunTime:0.000189s ]
INFO: [ template_filter ] --END-- [ RunTime:0.000270s ]
INFO: Run Behavior\ParseTemplateBehavior [ RunTime:0.023050s ]
INFO: [ view_parse ] --END-- [ RunTime:0.023186s ]
INFO: [ view_filter ] --START--
INFO: Run Behavior\WriteHtmlCacheBehavior [ RunTime:0.000618s ]
INFO: [ view_filter ] --END-- [ RunTime:0.000682s ]
INFO: [ app_end ] --START--
INFO: Run Behavior\ShowPageTraceBehavior [ RunTime:0.001600s ]
INFO: [ app_end ] --END-- [ RunTime:0.001728s ]

[ 2017-06-07T17:27:32+08:00 ] 127.0.0.1 /register/index.php/Admin/Menber/tixiansheng
INFO: [ app_init ] --START--
INFO: Run Behavior\BuildLiteBehavior [ RunTime:0.000048s ]
INFO: [ app_init ] --END-- [ RunTime:0.001851s ]
INFO: [ app_begin ] --START--
INFO: Run Behavior\ReadHtmlCacheBehavior [ RunTime:0.002225s ]
INFO: [ app_begin ] --END-- [ RunTime:0.002572s ]
SQL: SHOW COLUMNS FROM `p_user` [ RunTime:0.0211s ]
SQL: SELECT * FROM `p_user` WHERE `name` = 'admin'  [ RunTime:0.0020s ]
SQL: SHOW COLUMNS FROM `p_incomelog` [ RunTime:0.0416s ]
SQL: SELECT p_incomelog.addtime as addtimes,p_incomelog.addymd as addymds,p_menber.name,p_incomelog.userid,`income`,`id`,`orderid`,`reson` FROM `p_incomelog` INNER JOIN p_menber ON p_incomelog.userid=p_menber.uid  WHERE p_incomelog.type = 3 AND p_incomelog.state = 0 AND p_incomelog.addtime > 0  [ RunTime:0.0049s ]
INFO: [ view_parse ] --START--
NOTIC: [2] file_get_contents(./Public/conn/header.html): failed to open stream: No such file or directory D:\WWW\dev\register\ThinkPHP\Library\Think\Template.class.php 第 696 行.
INFO: [ template_filter ] --START--
INFO: Run Behavior\ContentReplaceBehavior [ RunTime:0.000333s ]
INFO: [ template_filter ] --END-- [ RunTime:0.000489s ]
INFO: Run Behavior\ParseTemplateBehavior [ RunTime:0.037457s ]
INFO: [ view_parse ] --END-- [ RunTime:0.037654s ]
INFO: [ view_filter ] --START--
INFO: Run Behavior\WriteHtmlCacheBehavior [ RunTime:0.000908s ]
INFO: [ view_filter ] --END-- [ RunTime:0.001034s ]
INFO: [ app_end ] --START--
INFO: Run Behavior\ShowPageTraceBehavior [ RunTime:0.003182s ]
INFO: [ app_end ] --END-- [ RunTime:0.003929s ]

[ 2017-06-07T17:29:17+08:00 ] 127.0.0.1 /register/index.php/Admin/Menber/istixian/id/1547/state/1
INFO: [ app_init ] --START--
INFO: Run Behavior\BuildLiteBehavior [ RunTime:0.000116s ]
INFO: [ app_init ] --END-- [ RunTime:0.004362s ]
INFO: [ app_begin ] --START--
INFO: Run Behavior\ReadHtmlCacheBehavior [ RunTime:0.001403s ]
INFO: [ app_begin ] --END-- [ RunTime:0.001562s ]
SQL: SHOW COLUMNS FROM `p_user` [ RunTime:0.0197s ]
SQL: SELECT * FROM `p_user` WHERE `name` = 'admin'  [ RunTime:0.0011s ]
SQL: SHOW COLUMNS FROM `p_incomelog` [ RunTime:0.0197s ]
SQL: SELECT * FROM `p_incomelog` WHERE `id` = 1547  [ RunTime:0.0012s ]
SQL: UPDATE `p_incomelog` SET `type`='3',`state`='2' WHERE `id` = 1547 [ RunTime:0.0012s ]

[ 2017-06-07T17:29:27+08:00 ] 127.0.0.1 /register/index.php/Admin/Menber/tixiansheng
INFO: [ app_init ] --START--
INFO: Run Behavior\BuildLiteBehavior [ RunTime:0.000021s ]
INFO: [ app_init ] --END-- [ RunTime:0.000679s ]
INFO: [ app_begin ] --START--
INFO: Run Behavior\ReadHtmlCacheBehavior [ RunTime:0.000836s ]
INFO: [ app_begin ] --END-- [ RunTime:0.000922s ]
SQL: SHOW COLUMNS FROM `p_user` [ RunTime:0.0130s ]
SQL: SELECT * FROM `p_user` WHERE `name` = 'admin'  [ RunTime:0.0029s ]
SQL: SHOW COLUMNS FROM `p_incomelog` [ RunTime:0.0157s ]
SQL: SELECT p_incomelog.addtime as addtimes,p_incomelog.addymd as addymds,p_menber.name,p_incomelog.userid,`income`,`id`,`orderid`,`reson` FROM `p_incomelog` INNER JOIN p_menber ON p_incomelog.userid=p_menber.uid  WHERE p_incomelog.type = 3 AND p_incomelog.state = 0 AND p_incomelog.addtime > 0  [ RunTime:0.0035s ]
INFO: [ view_parse ] --START--
NOTIC: [2] file_get_contents(./Public/conn/header.html): failed to open stream: No such file or directory D:\WWW\dev\register\ThinkPHP\Library\Think\Template.class.php 第 696 行.
INFO: [ template_filter ] --START--
INFO: Run Behavior\ContentReplaceBehavior [ RunTime:0.000233s ]
INFO: [ template_filter ] --END-- [ RunTime:0.000328s ]
INFO: Run Behavior\ParseTemplateBehavior [ RunTime:0.024087s ]
INFO: [ view_parse ] --END-- [ RunTime:0.024231s ]
INFO: [ view_filter ] --START--
INFO: Run Behavior\WriteHtmlCacheBehavior [ RunTime:0.000888s ]
INFO: [ view_filter ] --END-- [ RunTime:0.000982s ]
INFO: [ app_end ] --START--
INFO: Run Behavior\ShowPageTraceBehavior [ RunTime:0.001355s ]
INFO: [ app_end ] --END-- [ RunTime:0.001490s ]

[ 2017-06-07T17:29:29+08:00 ] 127.0.0.1 /register/index.php/Admin/Menber/tixiansheng
INFO: [ app_init ] --START--
INFO: Run Behavior\BuildLiteBehavior [ RunTime:0.000030s ]
INFO: [ app_init ] --END-- [ RunTime:0.002564s ]
INFO: [ app_begin ] --START--
INFO: Run Behavior\ReadHtmlCacheBehavior [ RunTime:0.002123s ]
INFO: [ app_begin ] --END-- [ RunTime:0.002304s ]
SQL: SHOW COLUMNS FROM `p_user` [ RunTime:0.0161s ]
SQL: SELECT * FROM `p_user` WHERE `name` = 'admin'  [ RunTime:0.0013s ]
SQL: SHOW COLUMNS FROM `p_incomelog` [ RunTime:0.0179s ]
SQL: SELECT p_incomelog.addtime as addtimes,p_incomelog.addymd as addymds,p_menber.name,p_incomelog.userid,`income`,`id`,`orderid`,`reson` FROM `p_incomelog` INNER JOIN p_menber ON p_incomelog.userid=p_menber.uid  WHERE p_incomelog.type = 3 AND p_incomelog.state = 0 AND p_incomelog.addtime > 0  [ RunTime:0.0036s ]
INFO: [ view_parse ] --START--
NOTIC: [2] file_get_contents(./Public/conn/header.html): failed to open stream: No such file or directory D:\WWW\dev\register\ThinkPHP\Library\Think\Template.class.php 第 696 行.
INFO: [ template_filter ] --START--
INFO: Run Behavior\ContentReplaceBehavior [ RunTime:0.000483s ]
INFO: [ template_filter ] --END-- [ RunTime:0.000608s ]
INFO: Run Behavior\ParseTemplateBehavior [ RunTime:0.029320s ]
INFO: [ view_parse ] --END-- [ RunTime:0.029555s ]
INFO: [ view_filter ] --START--
INFO: Run Behavior\WriteHtmlCacheBehavior [ RunTime:0.000808s ]
INFO: [ view_filter ] --END-- [ RunTime:0.001027s ]
INFO: [ app_end ] --START--
INFO: Run Behavior\ShowPageTraceBehavior [ RunTime:0.001119s ]
INFO: [ app_end ] --END-- [ RunTime:0.001281s ]

[ 2017-06-07T17:30:36+08:00 ] 127.0.0.1 /register/index.php/Admin/Menber/tixiansheng
INFO: [ app_init ] --START--
INFO: Run Behavior\BuildLiteBehavior [ RunTime:0.000050s ]
INFO: [ app_init ] --END-- [ RunTime:0.010582s ]
INFO: [ app_begin ] --START--
INFO: Run Behavior\ReadHtmlCacheBehavior [ RunTime:0.000832s ]
INFO: [ app_begin ] --END-- [ RunTime:0.000921s ]
SQL: SHOW COLUMNS FROM `p_user` [ RunTime:0.0124s ]
SQL: SELECT * FROM `p_user` WHERE `name` = 'admin'  [ RunTime:0.0010s ]
SQL: SHOW COLUMNS FROM `p_incomelog` [ RunTime:0.0180s ]
SQL: SELECT p_incomelog.addtime as addtimes,p_incomelog.addymd as addymds,p_menber.name,p_incomelog.userid,`income`,`id`,`orderid`,`reson` FROM `p_incomelog` INNER JOIN p_menber ON p_incomelog.userid=p_menber.uid  WHERE p_incomelog.type = 3 AND p_incomelog.state = 0 AND p_incomelog.addtime > 0  [ RunTime:0.0053s ]
INFO: [ view_parse ] --START--
NOTIC: [2] file_get_contents(./Public/conn/header.html): failed to open stream: No such file or directory D:\WWW\dev\register\ThinkPHP\Library\Think\Template.class.php 第 696 行.
INFO: [ template_filter ] --START--
INFO: Run Behavior\ContentReplaceBehavior [ RunTime:0.000340s ]
INFO: [ template_filter ] --END-- [ RunTime:0.000512s ]
INFO: Run Behavior\ParseTemplateBehavior [ RunTime:0.032921s ]
INFO: [ view_parse ] --END-- [ RunTime:0.033090s ]
INFO: [ view_filter ] --START--
INFO: Run Behavior\WriteHtmlCacheBehavior [ RunTime:0.000618s ]
INFO: [ view_filter ] --END-- [ RunTime:0.000714s ]
INFO: [ app_end ] --START--
INFO: Run Behavior\ShowPageTraceBehavior [ RunTime:0.000918s ]
INFO: [ app_end ] --END-- [ RunTime:0.001011s ]

[ 2017-06-07T17:31:22+08:00 ] 127.0.0.1 /register/index.php/Admin/Menber/istixian/id/1548/state/1
INFO: [ app_init ] --START--
INFO: Run Behavior\BuildLiteBehavior [ RunTime:0.000033s ]
INFO: [ app_init ] --END-- [ RunTime:0.001164s ]
INFO: [ app_begin ] --START--
INFO: Run Behavior\ReadHtmlCacheBehavior [ RunTime:0.001319s ]
INFO: [ app_begin ] --END-- [ RunTime:0.001444s ]
SQL: SHOW COLUMNS FROM `p_user` [ RunTime:0.0181s ]
SQL: SELECT * FROM `p_user` WHERE `name` = 'admin'  [ RunTime:0.0014s ]
SQL: SHOW COLUMNS FROM `p_incomelog` [ RunTime:0.0282s ]
SQL: SELECT * FROM `p_incomelog` WHERE `id` = 1548  [ RunTime:0.0015s ]
SQL: SHOW COLUMNS FROM `p_menber` [ RunTime:0.0213s ]
SQL: SELECT * FROM `p_menber` WHERE `uid` = 1  [ RunTime:0.0012s ]
SQL: UPDATE `p_menber` SET `recast`='30.00' WHERE `uid` = 1 [ RunTime:0.0023s ]

[ 2017-06-07T17:32:48+08:00 ] 127.0.0.1 /register/index.php/Admin/Menber/istixian/id/1548/state/1
INFO: [ app_init ] --START--
INFO: Run Behavior\BuildLiteBehavior [ RunTime:0.000031s ]
INFO: [ app_init ] --END-- [ RunTime:0.001150s ]
INFO: [ app_begin ] --START--
INFO: Run Behavior\ReadHtmlCacheBehavior [ RunTime:0.001243s ]
INFO: [ app_begin ] --END-- [ RunTime:0.001367s ]
SQL: SHOW COLUMNS FROM `p_user` [ RunTime:0.0155s ]
SQL: SELECT * FROM `p_user` WHERE `name` = 'admin'  [ RunTime:0.0017s ]
SQL: SHOW COLUMNS FROM `p_incomelog` [ RunTime:0.0148s ]
SQL: SELECT * FROM `p_incomelog` WHERE `id` = 1548  [ RunTime:0.0012s ]
SQL: SHOW COLUMNS FROM `p_menber` [ RunTime:0.0221s ]
SQL: SELECT * FROM `p_menber` WHERE `uid` = 1  [ RunTime:0.0009s ]
SQL: UPDATE `p_menber` SET `recast`='60.00' WHERE `uid` = 1 [ RunTime:0.0008s ]
SQL: UPDATE `p_incomelog` SET `income`='70.0',`type`='3',`state`='2' WHERE `id` = 1548 [ RunTime:0.0010s ]

[ 2017-06-07T17:32:49+08:00 ] 127.0.0.1 /register/index.php/Admin/Menber/tixiansheng
INFO: [ app_init ] --START--
INFO: Run Behavior\BuildLiteBehavior [ RunTime:0.000023s ]
INFO: [ app_init ] --END-- [ RunTime:0.000676s ]
INFO: [ app_begin ] --START--
INFO: Run Behavior\ReadHtmlCacheBehavior [ RunTime:0.005000s ]
INFO: [ app_begin ] --END-- [ RunTime:0.005152s ]
SQL: SHOW COLUMNS FROM `p_user` [ RunTime:0.0141s ]
SQL: SELECT * FROM `p_user` WHERE `name` = 'admin'  [ RunTime:0.0014s ]
SQL: SHOW COLUMNS FROM `p_incomelog` [ RunTime:0.0134s ]
SQL: SELECT p_incomelog.addtime as addtimes,p_incomelog.addymd as addymds,p_menber.name,p_incomelog.userid,`income`,`id`,`orderid`,`reson` FROM `p_incomelog` INNER JOIN p_menber ON p_incomelog.userid=p_menber.uid  WHERE p_incomelog.type = 3 AND p_incomelog.state = 0 AND p_incomelog.addtime > 0  [ RunTime:0.0027s ]
INFO: [ view_parse ] --START--
NOTIC: [2] file_get_contents(./Public/conn/header.html): failed to open stream: No such file or directory D:\WWW\dev\register\ThinkPHP\Library\Think\Template.class.php 第 696 行.
INFO: [ template_filter ] --START--
INFO: Run Behavior\ContentReplaceBehavior [ RunTime:0.000277s ]
INFO: [ template_filter ] --END-- [ RunTime:0.000405s ]
INFO: Run Behavior\ParseTemplateBehavior [ RunTime:0.028372s ]
INFO: [ view_parse ] --END-- [ RunTime:0.028520s ]
INFO: [ view_filter ] --START--
INFO: Run Behavior\WriteHtmlCacheBehavior [ RunTime:0.000936s ]
INFO: [ view_filter ] --END-- [ RunTime:0.001042s ]
INFO: [ app_end ] --START--
INFO: Run Behavior\ShowPageTraceBehavior [ RunTime:0.001716s ]
INFO: [ app_end ] --END-- [ RunTime:0.001843s ]

[ 2017-06-07T17:35:12+08:00 ] 127.0.0.1 /register/index.php/Admin/Menber/tixiansheng
INFO: [ app_init ] --START--
INFO: Run Behavior\BuildLiteBehavior [ RunTime:0.000036s ]
INFO: [ app_init ] --END-- [ RunTime:0.000965s ]
INFO: [ app_begin ] --START--
INFO: Run Behavior\ReadHtmlCacheBehavior [ RunTime:0.004329s ]
INFO: [ app_begin ] --END-- [ RunTime:0.004576s ]
SQL: SHOW COLUMNS FROM `p_user` [ RunTime:0.0169s ]
SQL: SELECT * FROM `p_user` WHERE `name` = 'admin'  [ RunTime:0.0023s ]
SQL: SHOW COLUMNS FROM `p_incomelog` [ RunTime:0.0203s ]
SQL: SELECT p_incomelog.addtime as addtimes,p_incomelog.addymd as addymds,p_menber.name,p_incomelog.userid,`income`,`id`,`orderid`,`reson` FROM `p_incomelog` INNER JOIN p_menber ON p_incomelog.userid=p_menber.uid  WHERE p_incomelog.type = 3 AND p_incomelog.state = 0 AND p_incomelog.addtime > 0  [ RunTime:0.0027s ]
INFO: [ view_parse ] --START--
NOTIC: [2] file_get_contents(./Public/conn/header.html): failed to open stream: No such file or directory D:\WWW\dev\register\ThinkPHP\Library\Think\Template.class.php 第 696 行.
INFO: [ template_filter ] --START--
INFO: Run Behavior\ContentReplaceBehavior [ RunTime:0.000279s ]
INFO: [ template_filter ] --END-- [ RunTime:0.000404s ]
INFO: Run Behavior\ParseTemplateBehavior [ RunTime:0.027601s ]
INFO: [ view_parse ] --END-- [ RunTime:0.027761s ]
INFO: [ view_filter ] --START--
INFO: Run Behavior\WriteHtmlCacheBehavior [ RunTime:0.000538s ]
INFO: [ view_filter ] --END-- [ RunTime:0.000620s ]
INFO: [ app_end ] --START--
INFO: Run Behavior\ShowPageTraceBehavior [ RunTime:0.001205s ]
INFO: [ app_end ] --END-- [ RunTime:0.001348s ]

[ 2017-06-07T17:35:56+08:00 ] 127.0.0.1 /register/index.php/Admin/Menber/istixian/id/1549/state/1
INFO: [ app_init ] --START--
INFO: Run Behavior\BuildLiteBehavior [ RunTime:0.000038s ]
INFO: [ app_init ] --END-- [ RunTime:0.001264s ]
INFO: [ app_begin ] --START--
INFO: Run Behavior\ReadHtmlCacheBehavior [ RunTime:0.001483s ]
INFO: [ app_begin ] --END-- [ RunTime:0.001629s ]
SQL: SHOW COLUMNS FROM `p_user` [ RunTime:0.0191s ]
SQL: SELECT * FROM `p_user` WHERE `name` = 'admin'  [ RunTime:0.0023s ]
SQL: SHOW COLUMNS FROM `p_incomelog` [ RunTime:0.0220s ]
SQL: SELECT * FROM `p_incomelog` WHERE `id` = 1549  [ RunTime:0.0020s ]
SQL: SHOW COLUMNS FROM `p_menber` [ RunTime:0.0276s ]
SQL: SELECT * FROM `p_menber` WHERE `uid` = 1  [ RunTime:0.0035s ]
SQL: UPDATE `p_menber` SET `recast`='90.00' WHERE `uid` = 1 [ RunTime:0.0049s ]
SQL: UPDATE `p_incomelog` SET `type`='3',`state`='2' WHERE `id` = 1549 [ RunTime:0.0024s ]

[ 2017-06-07T17:35:58+08:00 ] 127.0.0.1 /register/index.php/Admin/Menber/tixiansheng
INFO: [ app_init ] --START--
INFO: Run Behavior\BuildLiteBehavior [ RunTime:0.000025s ]
INFO: [ app_init ] --END-- [ RunTime:0.000939s ]
INFO: [ app_begin ] --START--
INFO: Run Behavior\ReadHtmlCacheBehavior [ RunTime:0.001507s ]
INFO: [ app_begin ] --END-- [ RunTime:0.002110s ]
SQL: SHOW COLUMNS FROM `p_user` [ RunTime:0.0139s ]
SQL: SELECT * FROM `p_user` WHERE `name` = 'admin'  [ RunTime:0.0022s ]
SQL: SHOW COLUMNS FROM `p_incomelog` [ RunTime:0.0175s ]
SQL: SELECT p_incomelog.addtime as addtimes,p_incomelog.addymd as addymds,p_menber.name,p_incomelog.userid,`income`,`id`,`orderid`,`reson` FROM `p_incomelog` INNER JOIN p_menber ON p_incomelog.userid=p_menber.uid  WHERE p_incomelog.type = 3 AND p_incomelog.state = 0 AND p_incomelog.addtime > 0  [ RunTime:0.0027s ]
INFO: [ view_parse ] --START--
NOTIC: [2] file_get_contents(./Public/conn/header.html): failed to open stream: No such file or directory D:\WWW\dev\register\ThinkPHP\Library\Think\Template.class.php 第 696 行.
INFO: [ template_filter ] --START--
INFO: Run Behavior\ContentReplaceBehavior [ RunTime:0.000388s ]
INFO: [ template_filter ] --END-- [ RunTime:0.000581s ]
INFO: Run Behavior\ParseTemplateBehavior [ RunTime:0.028962s ]
INFO: [ view_parse ] --END-- [ RunTime:0.029100s ]
INFO: [ view_filter ] --START--
INFO: Run Behavior\WriteHtmlCacheBehavior [ RunTime:0.000446s ]
INFO: [ view_filter ] --END-- [ RunTime:0.000508s ]
INFO: [ app_end ] --START--
INFO: Run Behavior\ShowPageTraceBehavior [ RunTime:0.000857s ]
INFO: [ app_end ] --END-- [ RunTime:0.000940s ]

[ 2017-06-07T17:38:05+08:00 ] 127.0.0.1 /register/index.php/Admin/Menber/tixiansheng
INFO: [ app_init ] --START--
INFO: Run Behavior\BuildLiteBehavior [ RunTime:0.000038s ]
INFO: [ app_init ] --END-- [ RunTime:0.001177s ]
INFO: [ app_begin ] --START--
INFO: Run Behavior\ReadHtmlCacheBehavior [ RunTime:0.000849s ]
INFO: [ app_begin ] --END-- [ RunTime:0.000931s ]
SQL: SHOW COLUMNS FROM `p_user` [ RunTime:0.0150s ]
SQL: SELECT * FROM `p_user` WHERE `name` = 'admin'  [ RunTime:0.0016s ]
SQL: SHOW COLUMNS FROM `p_incomelog` [ RunTime:0.0181s ]
SQL: SELECT p_incomelog.addtime as addtimes,p_incomelog.addymd as addymds,p_menber.name,p_incomelog.userid,`income`,`id`,`orderid`,`reson` FROM `p_incomelog` INNER JOIN p_menber ON p_incomelog.userid=p_menber.uid  WHERE p_incomelog.type = 3 AND p_incomelog.state = 0 AND p_incomelog.addtime > 0  [ RunTime:0.0021s ]
INFO: [ view_parse ] --START--
NOTIC: [2] file_get_contents(./Public/conn/header.html): failed to open stream: No such file or directory D:\WWW\dev\register\ThinkPHP\Library\Think\Template.class.php 第 696 行.
INFO: [ template_filter ] --START--
INFO: Run Behavior\ContentReplaceBehavior [ RunTime:0.000301s ]
INFO: [ template_filter ] --END-- [ RunTime:0.000624s ]
INFO: Run Behavior\ParseTemplateBehavior [ RunTime:0.029404s ]
INFO: [ view_parse ] --END-- [ RunTime:0.029563s ]
INFO: [ view_filter ] --START--
INFO: Run Behavior\WriteHtmlCacheBehavior [ RunTime:0.001185s ]
INFO: [ view_filter ] --END-- [ RunTime:0.001344s ]
INFO: [ app_end ] --START--
INFO: Run Behavior\ShowPageTraceBehavior [ RunTime:0.001232s ]
INFO: [ app_end ] --END-- [ RunTime:0.001385s ]

[ 2017-06-07T17:38:09+08:00 ] 127.0.0.1 /register/index.php/Admin/Menber/istixian/id/1550/state/2
INFO: [ app_init ] --START--
INFO: Run Behavior\BuildLiteBehavior [ RunTime:0.000053s ]
INFO: [ app_init ] --END-- [ RunTime:0.001432s ]
INFO: [ app_begin ] --START--
INFO: Run Behavior\ReadHtmlCacheBehavior [ RunTime:0.001406s ]
INFO: [ app_begin ] --END-- [ RunTime:0.001558s ]
SQL: SHOW COLUMNS FROM `p_user` [ RunTime:0.0185s ]
SQL: SELECT * FROM `p_user` WHERE `name` = 'admin'  [ RunTime:0.0027s ]
SQL: SHOW COLUMNS FROM `p_incomelog` [ RunTime:0.0181s ]
SQL: SELECT * FROM `p_incomelog` WHERE `id` = 1550  [ RunTime:0.0031s ]
SQL: SHOW COLUMNS FROM `p_menber` [ RunTime:0.0190s ]
SQL: SELECT * FROM `p_menber` WHERE `uid` = 1  [ RunTime:0.0026s ]
SQL: UPDATE `p_menber` SET `chargebag`='513.00' WHERE `uid` = 1 [ RunTime:0.0028s ]
SQL: UPDATE `p_incomelog` SET `type`='3',`state`='3' WHERE `id` = 1550 [ RunTime:0.0031s ]

[ 2017-06-07T17:38:09+08:00 ] 127.0.0.1 /register/index.php/Admin/Menber/tixiansheng
INFO: [ app_init ] --START--
INFO: Run Behavior\BuildLiteBehavior [ RunTime:0.000045s ]
INFO: [ app_init ] --END-- [ RunTime:0.001260s ]
INFO: [ app_begin ] --START--
INFO: Run Behavior\ReadHtmlCacheBehavior [ RunTime:0.001490s ]
INFO: [ app_begin ] --END-- [ RunTime:0.001777s ]
SQL: SHOW COLUMNS FROM `p_user` [ RunTime:0.0177s ]
SQL: SELECT * FROM `p_user` WHERE `name` = 'admin'  [ RunTime:0.0023s ]
SQL: SHOW COLUMNS FROM `p_incomelog` [ RunTime:0.0187s ]
SQL: SELECT p_incomelog.addtime as addtimes,p_incomelog.addymd as addymds,p_menber.name,p_incomelog.userid,`income`,`id`,`orderid`,`reson` FROM `p_incomelog` INNER JOIN p_menber ON p_incomelog.userid=p_menber.uid  WHERE p_incomelog.type = 3 AND p_incomelog.state = 0 AND p_incomelog.addtime > 0  [ RunTime:0.0041s ]
INFO: [ view_parse ] --START--
NOTIC: [2] file_get_contents(./Public/conn/header.html): failed to open stream: No such file or directory D:\WWW\dev\register\ThinkPHP\Library\Think\Template.class.php 第 696 行.
INFO: [ template_filter ] --START--
INFO: Run Behavior\ContentReplaceBehavior [ RunTime:0.000210s ]
INFO: [ template_filter ] --END-- [ RunTime:0.000294s ]
INFO: Run Behavior\ParseTemplateBehavior [ RunTime:0.023201s ]
INFO: [ view_parse ] --END-- [ RunTime:0.023355s ]
INFO: [ view_filter ] --START--
INFO: Run Behavior\WriteHtmlCacheBehavior [ RunTime:0.000569s ]
INFO: [ view_filter ] --END-- [ RunTime:0.000651s ]
INFO: [ app_end ] --START--
INFO: Run Behavior\ShowPageTraceBehavior [ RunTime:0.002095s ]
INFO: [ app_end ] --END-- [ RunTime:0.002275s ]

[ 2017-06-07T17:39:43+08:00 ] 127.0.0.1 /register/index.php/Admin/Menber/tixiansheng
INFO: [ app_init ] --START--
INFO: Run Behavior\BuildLiteBehavior [ RunTime:0.000022s ]
INFO: [ app_init ] --END-- [ RunTime:0.000864s ]
INFO: [ app_begin ] --START--
INFO: Run Behavior\ReadHtmlCacheBehavior [ RunTime:0.001017s ]
INFO: [ app_begin ] --END-- [ RunTime:0.001108s ]
SQL: SHOW COLUMNS FROM `p_user` [ RunTime:0.0197s ]
SQL: SELECT * FROM `p_user` WHERE `name` = 'admin'  [ RunTime:0.0028s ]
SQL: SHOW COLUMNS FROM `p_incomelog` [ RunTime:0.0231s ]
SQL: SELECT p_incomelog.addtime as addtimes,p_incomelog.addymd as addymds,p_menber.name,p_incomelog.userid,`income`,`id`,`orderid`,`reson` FROM `p_incomelog` INNER JOIN p_menber ON p_incomelog.userid=p_menber.uid  WHERE p_incomelog.type = 3 AND p_incomelog.state = 0 AND p_incomelog.addtime > 0  [ RunTime:0.0026s ]
INFO: [ view_parse ] --START--
NOTIC: [2] file_get_contents(./Public/conn/header.html): failed to open stream: No such file or directory D:\WWW\dev\register\ThinkPHP\Library\Think\Template.class.php 第 696 行.
INFO: [ template_filter ] --START--
INFO: Run Behavior\ContentReplaceBehavior [ RunTime:0.000236s ]
INFO: [ template_filter ] --END-- [ RunTime:0.000337s ]
INFO: Run Behavior\ParseTemplateBehavior [ RunTime:0.029821s ]
INFO: [ view_parse ] --END-- [ RunTime:0.029948s ]
INFO: [ view_filter ] --START--
INFO: Run Behavior\WriteHtmlCacheBehavior [ RunTime:0.000441s ]
INFO: [ view_filter ] --END-- [ RunTime:0.000502s ]
INFO: [ app_end ] --START--
INFO: Run Behavior\ShowPageTraceBehavior [ RunTime:0.001416s ]
INFO: [ app_end ] --END-- [ RunTime:0.001539s ]

[ 2017-06-07T17:40:28+08:00 ] 127.0.0.1 /register/index.php/Admin/Menber/istixian/id/1551/state/2
INFO: [ app_init ] --START--
INFO: Run Behavior\BuildLiteBehavior [ RunTime:0.000028s ]
INFO: [ app_init ] --END-- [ RunTime:0.000937s ]
INFO: [ app_begin ] --START--
INFO: Run Behavior\ReadHtmlCacheBehavior [ RunTime:0.000929s ]
INFO: [ app_begin ] --END-- [ RunTime:0.001021s ]
SQL: SHOW COLUMNS FROM `p_user` [ RunTime:0.0143s ]
SQL: SELECT * FROM `p_user` WHERE `name` = 'admin'  [ RunTime:0.0012s ]
SQL: SHOW COLUMNS FROM `p_incomelog` [ RunTime:0.0187s ]
SQL: SELECT * FROM `p_incomelog` WHERE `id` = 1551  [ RunTime:0.0009s ]
SQL: SHOW COLUMNS FROM `p_menber` [ RunTime:0.0165s ]
SQL: SELECT * FROM `p_menber` WHERE `uid` = 1  [ RunTime:0.0009s ]
SQL: UPDATE `p_menber` SET `chargebag`='613.00' WHERE `uid` = 1 [ RunTime:0.0015s ]
SQL: UPDATE `p_incomelog` SET `type`='3',`state`='3' WHERE `id` = 1551 [ RunTime:0.0018s ]

[ 2017-06-07T17:40:29+08:00 ] 127.0.0.1 /register/index.php/Admin/Menber/tixiansheng
INFO: [ app_init ] --START--
INFO: Run Behavior\BuildLiteBehavior [ RunTime:0.000023s ]
INFO: [ app_init ] --END-- [ RunTime:0.000732s ]
INFO: [ app_begin ] --START--
INFO: Run Behavior\ReadHtmlCacheBehavior [ RunTime:0.001081s ]
INFO: [ app_begin ] --END-- [ RunTime:0.001180s ]
SQL: SHOW COLUMNS FROM `p_user` [ RunTime:0.0153s ]
SQL: SELECT * FROM `p_user` WHERE `name` = 'admin'  [ RunTime:0.0011s ]
SQL: SHOW COLUMNS FROM `p_incomelog` [ RunTime:0.0197s ]
SQL: SELECT p_incomelog.addtime as addtimes,p_incomelog.addymd as addymds,p_menber.name,p_incomelog.userid,`income`,`id`,`orderid`,`reson` FROM `p_incomelog` INNER JOIN p_menber ON p_incomelog.userid=p_menber.uid  WHERE p_incomelog.type = 3 AND p_incomelog.state = 0 AND p_incomelog.addtime > 0  [ RunTime:0.0021s ]
INFO: [ view_parse ] --START--
NOTIC: [2] file_get_contents(./Public/conn/header.html): failed to open stream: No such file or directory D:\WWW\dev\register\ThinkPHP\Library\Think\Template.class.php 第 696 行.
INFO: [ template_filter ] --START--
INFO: Run Behavior\ContentReplaceBehavior [ RunTime:0.000219s ]
INFO: [ template_filter ] --END-- [ RunTime:0.000305s ]
INFO: Run Behavior\ParseTemplateBehavior [ RunTime:0.025064s ]
INFO: [ view_parse ] --END-- [ RunTime:0.025183s ]
INFO: [ view_filter ] --START--
INFO: Run Behavior\WriteHtmlCacheBehavior [ RunTime:0.000959s ]
INFO: [ view_filter ] --END-- [ RunTime:0.001069s ]
INFO: [ app_end ] --START--
INFO: Run Behavior\ShowPageTraceBehavior [ RunTime:0.002816s ]
INFO: [ app_end ] --END-- [ RunTime:0.002960s ]

[ 2017-06-07T17:40:53+08:00 ] 127.0.0.1 /register/index.php/Admin/Menber/usermessage
INFO: [ app_init ] --START--
INFO: Run Behavior\BuildLiteBehavior [ RunTime:0.000027s ]
INFO: [ app_init ] --END-- [ RunTime:0.001001s ]
INFO: [ app_begin ] --START--
INFO: Run Behavior\ReadHtmlCacheBehavior [ RunTime:0.001148s ]
INFO: [ app_begin ] --END-- [ RunTime:0.001261s ]
SQL: SHOW COLUMNS FROM `p_user` [ RunTime:0.0191s ]
SQL: SELECT * FROM `p_user` WHERE `name` = 'admin'  [ RunTime:0.0024s ]
SQL: SHOW COLUMNS FROM `p_incomelog` [ RunTime:0.0182s ]
NOTIC: [8] Undefined index: uid D:\WWW\dev\register\Application\Admin\Controller\MenberController.class.php 第 57 行.
NOTIC: [8] Undefined index: type D:\WWW\dev\register\Application\Admin\Controller\MenberController.class.php 第 60 行.
NOTIC: [8] Undefined index: mindate D:\WWW\dev\register\Application\Admin\Controller\MenberController.class.php 第 63 行.
NOTIC: [8] Undefined variable: map D:\WWW\dev\register\Application\Admin\Controller\MenberController.class.php 第 66 行.
SQL: SELECT * FROM `p_incomelog` ORDER BY userid asc  [ RunTime:0.0372s ]
INFO: [ view_parse ] --START--
INFO: [ template_filter ] --START--
INFO: Run Behavior\ContentReplaceBehavior [ RunTime:0.000358s ]
INFO: [ template_filter ] --END-- [ RunTime:0.000596s ]
INFO: Run Behavior\ParseTemplateBehavior [ RunTime:0.059287s ]
INFO: [ view_parse ] --END-- [ RunTime:0.059438s ]
INFO: [ view_filter ] --START--
INFO: Run Behavior\WriteHtmlCacheBehavior [ RunTime:0.000862s ]
INFO: [ view_filter ] --END-- [ RunTime:0.000986s ]
INFO: [ app_end ] --START--
INFO: Run Behavior\ShowPageTraceBehavior [ RunTime:0.003989s ]
INFO: [ app_end ] --END-- [ RunTime:0.004423s ]

[ 2017-06-07T18:03:29+08:00 ] 127.0.0.1 /register/index.php/Admin/Menber/tixiansheng
INFO: [ app_init ] --START--
INFO: Run Behavior\BuildLiteBehavior [ RunTime:0.000049s ]
INFO: [ app_init ] --END-- [ RunTime:0.001377s ]
INFO: [ app_begin ] --START--
INFO: Run Behavior\ReadHtmlCacheBehavior [ RunTime:0.001109s ]
INFO: [ app_begin ] --END-- [ RunTime:0.001306s ]
SQL: SHOW COLUMNS FROM `p_user` [ RunTime:0.0199s ]
SQL: SELECT * FROM `p_user` WHERE `name` = 'admin'  [ RunTime:0.0023s ]
SQL: SHOW COLUMNS FROM `p_incomelog` [ RunTime:0.0273s ]
SQL: SELECT p_incomelog.addtime as addtimes,p_incomelog.addymd as addymds,p_menber.name,p_incomelog.userid,`income`,`id`,`orderid`,`reson` FROM `p_incomelog` INNER JOIN p_menber ON p_incomelog.userid=p_menber.uid  WHERE p_incomelog.type = 3 AND p_incomelog.state = 0 AND p_incomelog.addtime > 0  [ RunTime:0.0041s ]
INFO: [ view_parse ] --START--
NOTIC: [2] file_get_contents(./Public/conn/header.html): failed to open stream: No such file or directory D:\WWW\dev\register\ThinkPHP\Library\Think\Template.class.php 第 696 行.
INFO: [ template_filter ] --START--
INFO: Run Behavior\ContentReplaceBehavior [ RunTime:0.000304s ]
INFO: [ template_filter ] --END-- [ RunTime:0.000428s ]
INFO: Run Behavior\ParseTemplateBehavior [ RunTime:0.033739s ]
INFO: [ view_parse ] --END-- [ RunTime:0.033908s ]
INFO: [ view_filter ] --START--
INFO: Run Behavior\WriteHtmlCacheBehavior [ RunTime:0.000614s ]
INFO: [ view_filter ] --END-- [ RunTime:0.000707s ]
INFO: [ app_end ] --START--
INFO: Run Behavior\ShowPageTraceBehavior [ RunTime:0.001283s ]
INFO: [ app_end ] --END-- [ RunTime:0.001386s ]

